# JRE version: Java(TM) SE Runtime Environment (8.0_121-b13) (build 1.8.0_121-b13)
# Java VM: Java HotSpot(TM) 64-Bit Server VM (25.121-b13 mixed mode windows-amd64 compressed oops)
Heap:
 PSYoungGen      total 68096K, used 10887K [0x00000000edb80000, 0x00000000f6680000, 0x0000000100000000)
  eden space 58368K, 1% used [0x00000000edb80000,0x00000000edca2778,0x00000000f1480000)
  from space 9728K, 99% used [0x00000000f1480000,0x00000000f1dff850,0x00000000f1e00000)
  to   space 12800K, 0% used [0x00000000f5a00000,0x00000000f5a00000,0x00000000f6680000)
 ParOldGen       total 38400K, used 18474K [0x00000000c9200000, 0x00000000cb780000, 0x00000000edb80000)
  object space 38400K, 48% used [0x00000000c9200000,0x00000000ca40a8e0,0x00000000cb780000)
 Metaspace       used 20730K, capacity 20944K, committed 21248K, reserved 1067008K
  class space    used 2652K, capacity 2716K, committed 2816K, reserved 1048576K
GC Heap History (10 events):
Event: 1.387 GC heap before
{Heap before GC invocations=3 (full 0):
 PSYoungGen      total 16896K, used 16896K [0x00000000edb80000, 0x00000000efc80000, 0x0000000100000000)
  eden space 14848K, 100% used [0x00000000edb80000,0x00000000eea00000,0x00000000eea00000)
  from space 2048K, 100% used [0x00000000eec00000,0x00000000eee00000,0x00000000eee00000)
  to   space 2048K, 0% used [0x00000000eea00000,0x00000000eea00000,0x00000000eec00000)
 ParOldGen       total 38400K, used 3565K [0x00000000c9200000, 0x00000000cb780000, 0x00000000edb80000)
  object space 38400K, 9% used [0x00000000c9200000,0x00000000c957b518,0x00000000cb780000)
 Metaspace       used 7085K, capacity 7174K, committed 7296K, reserved 1056768K
  class space    used 829K, capacity 853K, committed 896K, reserved 1048576K
Event: 1.402 GC heap after
Heap after GC invocations=3 (full 0):
 PSYoungGen      total 16896K, used 2048K [0x00000000edb80000, 0x00000000efc80000, 0x0000000100000000)
  eden space 14848K, 0% used [0x00000000edb80000,0x00000000edb80000,0x00000000eea00000)
  from space 2048K, 100% used [0x00000000eea00000,0x00000000eec00000,0x00000000eec00000)
  to   space 2048K, 0% used [0x00000000efa80000,0x00000000efa80000,0x00000000efc80000)
 ParOldGen       total 38400K, used 6610K [0x00000000c9200000, 0x00000000cb780000, 0x00000000edb80000)
  object space 38400K, 17% used [0x00000000c9200000,0x00000000c98749c0,0x00000000cb780000)
 Metaspace       used 7085K, capacity 7174K, committed 7296K, reserved 1056768K
  class space    used 829K, capacity 853K, committed 896K, reserved 1048576K
}
Event: 1.632 GC heap before
{Heap before GC invocations=4 (full 0):
 PSYoungGen      total 16896K, used 16896K [0x00000000edb80000, 0x00000000efc80000, 0x0000000100000000)
  eden space 14848K, 100% used [0x00000000edb80000,0x00000000eea00000,0x00000000eea00000)
  from space 2048K, 100% used [0x00000000eea00000,0x00000000eec00000,0x00000000eec00000)
  to   space 2048K, 0% used [0x00000000efa80000,0x00000000efa80000,0x00000000efc80000)
 ParOldGen       total 38400K, used 6610K [0x00000000c9200000, 0x00000000cb780000, 0x00000000edb80000)
  object space 38400K, 17% used [0x00000000c9200000,0x00000000c98749c0,0x00000000cb780000)
 Metaspace       used 8441K, capacity 8550K, committed 8832K, reserved 1056768K
  class space    used 1041K, capacity 1077K, committed 1152K, reserved 1048576K
Event: 1.641 GC heap after
Heap after GC invocations=4 (full 0):
 PSYoungGen      total 31744K, used 2032K [0x00000000edb80000, 0x00000000efc80000, 0x0000000100000000)
  eden space 29696K, 0% used [0x00000000edb80000,0x00000000edb80000,0x00000000ef880000)
  from space 2048K, 99% used [0x00000000efa80000,0x00000000efc7c010,0x00000000efc80000)
  to   space 2048K, 0% used [0x00000000ef880000,0x00000000ef880000,0x00000000efa80000)
 ParOldGen       total 38400K, used 10177K [0x00000000c9200000, 0x00000000cb780000, 0x00000000edb80000)
  object space 38400K, 26% used [0x00000000c9200000,0x00000000c9bf0688,0x00000000cb780000)
 Metaspace       used 8441K, capacity 8550K, committed 8832K, reserved 1056768K
  class space    used 1041K, capacity 1077K, committed 1152K, reserved 1048576K
}
Event: 2.312 GC heap before
{Heap before GC invocations=5 (full 0):
 PSYoungGen      total 31744K, used 31728K [0x00000000edb80000, 0x00000000efc80000, 0x0000000100000000)
  eden space 29696K, 100% used [0x00000000edb80000,0x00000000ef880000,0x00000000ef880000)
  from space 2048K, 99% used [0x00000000efa80000,0x00000000efc7c010,0x00000000efc80000)
  to   space 2048K, 0% used [0x00000000ef880000,0x00000000ef880000,0x00000000efa80000)
 ParOldGen       total 38400K, used 10177K [0x00000000c9200000, 0x00000000cb780000, 0x00000000edb80000)
  object space 38400K, 26% used [0x00000000c9200000,0x00000000c9bf0688,0x00000000cb780000)
 Metaspace       used 11675K, capacity 11794K, committed 11904K, reserved 1058816K
  class space    used 1523K, capacity 1559K, committed 1664K, reserved 1048576K
Event: 2.324 GC heap after
Heap after GC invocations=5 (full 0):
 PSYoungGen      total 31744K, used 2032K [0x00000000edb80000, 0x00000000f2680000, 0x0000000100000000)
  eden space 29696K, 0% used [0x00000000edb80000,0x00000000edb80000,0x00000000ef880000)
  from space 2048K, 99% used [0x00000000ef880000,0x00000000efa7c010,0x00000000efa80000)
  to   space 8704K, 0% used [0x00000000f1e00000,0x00000000f1e00000,0x00000000f2680000)
 ParOldGen       total 38400K, used 15933K [0x00000000c9200000, 0x00000000cb780000, 0x00000000edb80000)
  object space 38400K, 41% used [0x00000000c9200000,0x00000000ca18f5c8,0x00000000cb780000)
 Metaspace       used 11675K, capacity 11794K, committed 11904K, reserved 1058816K
  class space    used 1523K, capacity 1559K, committed 1664K, reserved 1048576K
}
Event: 3.181 GC heap before
{Heap before GC invocations=6 (full 0):
 PSYoungGen      total 31744K, used 31728K [0x00000000edb80000, 0x00000000f2680000, 0x0000000100000000)
  eden space 29696K, 100% used [0x00000000edb80000,0x00000000ef880000,0x00000000ef880000)
  from space 2048K, 99% used [0x00000000ef880000,0x00000000efa7c010,0x00000000efa80000)
  to   space 8704K, 0% used [0x00000000f1e00000,0x00000000f1e00000,0x00000000f2680000)
 ParOldGen       total 38400K, used 15933K [0x00000000c9200000, 0x00000000cb780000, 0x00000000edb80000)
  object space 38400K, 41% used [0x00000000c9200000,0x00000000ca18f5c8,0x00000000cb780000)
 Metaspace       used 15584K, capacity 15720K, committed 16000K, reserved 1062912K
  class space    used 2064K, capacity 2112K, committed 2176K, reserved 1048576K
Event: 3.195 GC heap after
Heap after GC invocations=6 (full 0):
 PSYoungGen      total 67072K, used 8153K [0x00000000edb80000, 0x00000000f2880000, 0x0000000100000000)
  eden space 58368K, 0% used [0x00000000edb80000,0x00000000edb80000,0x00000000f1480000)
  from space 8704K, 93% used [0x00000000f1e00000,0x00000000f25f6640,0x00000000f2680000)
  to   space 9728K, 0% used [0x00000000f1480000,0x00000000f1480000,0x00000000f1e00000)
 ParOldGen       total 38400K, used 15933K [0x00000000c9200000, 0x00000000cb780000, 0x00000000edb80000)
  object space 38400K, 41% used [0x00000000c9200000,0x00000000ca18f5c8,0x00000000cb780000)
 Metaspace       used 15584K, capacity 15720K, committed 16000K, reserved 1062912K
  class space    used 2064K, capacity 2112K, committed 2176K, reserved 1048576K
}
Event: 5.571 GC heap before
{Heap before GC invocations=7 (full 0):
 PSYoungGen      total 67072K, used 66521K [0x00000000edb80000, 0x00000000f2880000, 0x0000000100000000)
  eden space 58368K, 100% used [0x00000000edb80000,0x00000000f1480000,0x00000000f1480000)
  from space 8704K, 93% used [0x00000000f1e00000,0x00000000f25f6640,0x00000000f2680000)
  to   space 9728K, 0% used [0x00000000f1480000,0x00000000f1480000,0x00000000f1e00000)
 ParOldGen       total 38400K, used 15933K [0x00000000c9200000, 0x00000000cb780000, 0x00000000edb80000)
  object space 38400K, 41% used [0x00000000c9200000,0x00000000ca18f5c8,0x00000000cb780000)
 Metaspace       used 20725K, capacity 20944K, committed 21248K, reserved 1067008K
  class space    used 2652K, capacity 2716K, committed 2816K, reserved 1048576K
Event: 5.596 GC heap after
Heap after GC invocations=7 (full 0):
 PSYoungGen      total 68096K, used 9726K [0x00000000edb80000, 0x00000000f6680000, 0x0000000100000000)
  eden space 58368K, 0% used [0x00000000edb80000,0x00000000edb80000,0x00000000f1480000)
  from space 9728K, 99% used [0x00000000f1480000,0x00000000f1dff850,0x00000000f1e00000)
  to   space 12800K, 0% used [0x00000000f5a00000,0x00000000f5a00000,0x00000000f6680000)
 ParOldGen       total 38400K, used 18474K [0x00000000c9200000, 0x00000000cb780000, 0x00000000edb80000)
  object space 38400K, 48% used [0x00000000c9200000,0x00000000ca40a8e0,0x00000000cb780000)
 Metaspace       used 20725K, capacity 20944K, committed 21248K, reserved 1067008K
  class space    used 2652K, capacity 2716K, committed 2816K, reserved 1048576K
}

